android_app/app/build/intermediates/manifest_merge_blame_file/debug/processDebugMainManifest/manifest-merger-blame-debug-report.txt
1<?xml version="1.0" encoding="utf-8"?>
2<manifest xmlns:android="http://schemas.android.com/apk/res/android"
3    package="com.thefxtrader.botzw"
4    android:versionCode="1"
5    android:versionName="1.0.0" >
6
7    <uses-sdk
7-->INJECTED
8        android:minSdkVersion="23"
8-->INJECTED
9        android:targetSdkVersion="35" />
9-->INJECTED
10
11    <application
11-->src/main/AndroidManifest.xml:6:5-20:19
12        android:debuggable="true"
13        android:extractNativeLibs="false"
13-->INJECTED
14        android:label="THE_FX.TRADER.BOT.ZW" >
14-->src/main/AndroidManifest.xml:7:9-45
15        <activity
15-->src/main/AndroidManifest.xml:9:9-18:20
16            android:name="com.thefxtrader.botzw.MainActivity"
16-->src/main/AndroidManifest.xml:10:13-41
17            android:exported="true" >
17-->src/main/AndroidManifest.xml:11:13-36
18            <intent-filter>
18-->src/main/AndroidManifest.xml:13:13-16:29
19                <action android:name="android.intent.action.MAIN" />
19-->src/main/AndroidManifest.xml:14:17-69
19-->src/main/AndroidManifest.xml:14:25-66
20
21                <category android:name="android.intent.category.LAUNCHER" />
21-->src/main/AndroidManifest.xml:15:17-77
21-->src/main/AndroidManifest.xml:15:27-74
22            </intent-filter>
23        </activity>
24    </application>
25
26</manifest>